C:\USERS\JIUAN\DOCUMENTS\VISUAL STUDIO 2012\GA PROJECT1\GA PROJECT1\DEBUG\SOURCE (2).OBJ
C:\USERS\JIUAN\DOCUMENTS\VISUAL STUDIO 2012\GA PROJECT1\GA PROJECT1\DEBUG\VC110.PDB
C:\USERS\JIUAN\DOCUMENTS\VISUAL STUDIO 2012\GA PROJECT1\DEBUG\GA PROJECT1.ILK
C:\USERS\JIUAN\DOCUMENTS\VISUAL STUDIO 2012\GA PROJECT1\DEBUG\GA PROJECT1.EXE
C:\USERS\JIUAN\DOCUMENTS\VISUAL STUDIO 2012\GA PROJECT1\DEBUG\GA PROJECT1.PDB
C:\Users\jiuan\Documents\Visual Studio 2012\GA Project1\GA Project1\Debug\Source (2).obj
C:\Users\jiuan\Documents\Visual Studio 2012\GA Project1\GA Project1\Debug\cl.command.1.tlog
C:\Users\jiuan\Documents\Visual Studio 2012\GA Project1\GA Project1\Debug\CL.read.1.tlog
C:\Users\jiuan\Documents\Visual Studio 2012\GA Project1\GA Project1\Debug\CL.write.1.tlog
C:\Users\jiuan\Documents\Visual Studio 2012\GA Project1\GA Project1\Debug\link-cvtres.read.1.tlog
C:\Users\jiuan\Documents\Visual Studio 2012\GA Project1\GA Project1\Debug\link-cvtres.write.1.tlog
C:\Users\jiuan\Documents\Visual Studio 2012\GA Project1\GA Project1\Debug\link-rc.read.1.tlog
C:\Users\jiuan\Documents\Visual Studio 2012\GA Project1\GA Project1\Debug\link-rc.write.1.tlog
C:\Users\jiuan\Documents\Visual Studio 2012\GA Project1\GA Project1\Debug\link.command.1.tlog
C:\Users\jiuan\Documents\Visual Studio 2012\GA Project1\GA Project1\Debug\link.read.1.tlog
C:\Users\jiuan\Documents\Visual Studio 2012\GA Project1\GA Project1\Debug\link.write.1.tlog
C:\Users\jiuan\Documents\Visual Studio 2012\GA Project1\GA Project1\Debug\vc110.idb
C:\Users\jiuan\Documents\Visual Studio 2012\GA Project1\GA Project1\Debug\vc110.pdb
C:\Users\jiuan\Documents\Visual Studio 2012\GA Project1\Debug\GA Project1.pdb
C:\Users\jiuan\Documents\Visual Studio 2012\GA Project1\Debug\GA Project1.exe
C:\Users\jiuan\Documents\Visual Studio 2012\GA Project1\Debug\GA Project1.ilk
